[2022-07-05 07:21:29,268] {taskinstance.py:1037} INFO - Dependencies all met for <TaskInstance: uk_dag_test_1.kimuksung_test scheduled__2022-07-04T20:00:00+00:00 [queued]>
[2022-07-05 07:21:29,325] {taskinstance.py:1037} INFO - Dependencies all met for <TaskInstance: uk_dag_test_1.kimuksung_test scheduled__2022-07-04T20:00:00+00:00 [queued]>
[2022-07-05 07:21:29,325] {taskinstance.py:1243} INFO - 
--------------------------------------------------------------------------------
[2022-07-05 07:21:29,325] {taskinstance.py:1244} INFO - Starting attempt 1 of 1
[2022-07-05 07:21:29,326] {taskinstance.py:1245} INFO - 
--------------------------------------------------------------------------------
[2022-07-05 07:21:29,403] {taskinstance.py:1264} INFO - Executing <Task(PythonOperator): kimuksung_test> on 2022-07-04 20:00:00+00:00
[2022-07-05 07:21:29,428] {standard_task_runner.py:52} INFO - Started process 582 to run task
[2022-07-05 07:21:29,435] {standard_task_runner.py:76} INFO - Running: ['***', 'tasks', 'run', 'uk_dag_test_1', 'kimuksung_test', 'scheduled__2022-07-04T20:00:00+00:00', '--job-id', '249', '--raw', '--subdir', 'DAGS_FOLDER/test.py', '--cfg-path', '/tmp/tmpywxnuedi', '--error-file', '/tmp/tmp6hfick37']
[2022-07-05 07:21:29,436] {standard_task_runner.py:77} INFO - Job 249: Subtask kimuksung_test
[2022-07-05 07:21:29,847] {logging_mixin.py:109} INFO - Running <TaskInstance: uk_dag_test_1.kimuksung_test scheduled__2022-07-04T20:00:00+00:00 [running]> on host 9514ca4c721b
[2022-07-05 07:21:30,151] {taskinstance.py:1431} INFO - Exporting the following env vars:
AIRFLOW_CTX_DAG_OWNER=***
AIRFLOW_CTX_DAG_ID=uk_dag_test_1
AIRFLOW_CTX_TASK_ID=kimuksung_test
AIRFLOW_CTX_EXECUTION_DATE=2022-07-04T20:00:00+00:00
AIRFLOW_CTX_DAG_RUN_ID=scheduled__2022-07-04T20:00:00+00:00
[2022-07-05 07:21:30,154] {logging_mixin.py:109} INFO - test function start
[2022-07-05 07:21:30,154] {taskinstance.py:1718} ERROR - Task failed with exception
Traceback (most recent call last):
  File "/home/airflow/.local/lib/python3.7/site-packages/airflow/models/taskinstance.py", line 1334, in _run_raw_task
    self._execute_task_with_callbacks(context)
  File "/home/airflow/.local/lib/python3.7/site-packages/airflow/models/taskinstance.py", line 1460, in _execute_task_with_callbacks
    result = self._execute_task(context, self.task)
  File "/home/airflow/.local/lib/python3.7/site-packages/airflow/models/taskinstance.py", line 1516, in _execute_task
    result = execute_callable(context=context)
  File "/home/airflow/.local/lib/python3.7/site-packages/airflow/operators/python.py", line 174, in execute
    return_value = self.execute_callable()
  File "/home/airflow/.local/lib/python3.7/site-packages/airflow/operators/python.py", line 188, in execute_callable
    return self.python_callable(*self.op_args, **self.op_kwargs)
  File "/opt/airflow/dags/test.py", line 21, in test
    parameter=context["paramas"]["parameter1"]
KeyError: 'paramas'
[2022-07-05 07:21:30,222] {taskinstance.py:1282} INFO - Marking task as FAILED. dag_id=uk_dag_test_1, task_id=kimuksung_test, execution_date=20220704T200000, start_date=20220705T072129, end_date=20220705T072130
[2022-07-05 07:21:30,285] {standard_task_runner.py:92} ERROR - Failed to execute job 249 for task kimuksung_test
Traceback (most recent call last):
  File "/home/airflow/.local/lib/python3.7/site-packages/airflow/task/task_runner/standard_task_runner.py", line 85, in _start_by_fork
    args.func(args, dag=self.dag)
  File "/home/airflow/.local/lib/python3.7/site-packages/airflow/cli/cli_parser.py", line 48, in command
    return func(*args, **kwargs)
  File "/home/airflow/.local/lib/python3.7/site-packages/airflow/utils/cli.py", line 92, in wrapper
    return f(*args, **kwargs)
  File "/home/airflow/.local/lib/python3.7/site-packages/airflow/cli/commands/task_command.py", line 298, in task_run
    _run_task_by_selected_method(args, dag, ti)
  File "/home/airflow/.local/lib/python3.7/site-packages/airflow/cli/commands/task_command.py", line 107, in _run_task_by_selected_method
    _run_raw_task(args, ti)
  File "/home/airflow/.local/lib/python3.7/site-packages/airflow/cli/commands/task_command.py", line 184, in _run_raw_task
    error_file=args.error_file,
  File "/home/airflow/.local/lib/python3.7/site-packages/airflow/utils/session.py", line 70, in wrapper
    return func(*args, session=session, **kwargs)
  File "/home/airflow/.local/lib/python3.7/site-packages/airflow/models/taskinstance.py", line 1334, in _run_raw_task
    self._execute_task_with_callbacks(context)
  File "/home/airflow/.local/lib/python3.7/site-packages/airflow/models/taskinstance.py", line 1460, in _execute_task_with_callbacks
    result = self._execute_task(context, self.task)
  File "/home/airflow/.local/lib/python3.7/site-packages/airflow/models/taskinstance.py", line 1516, in _execute_task
    result = execute_callable(context=context)
  File "/home/airflow/.local/lib/python3.7/site-packages/airflow/operators/python.py", line 174, in execute
    return_value = self.execute_callable()
  File "/home/airflow/.local/lib/python3.7/site-packages/airflow/operators/python.py", line 188, in execute_callable
    return self.python_callable(*self.op_args, **self.op_kwargs)
  File "/opt/airflow/dags/test.py", line 21, in test
    parameter=context["paramas"]["parameter1"]
KeyError: 'paramas'
[2022-07-05 07:21:30,303] {local_task_job.py:154} INFO - Task exited with return code 1
[2022-07-05 07:21:30,462] {local_task_job.py:264} INFO - 0 downstream tasks scheduled from follow-on schedule check
[2022-07-05 07:25:42,745] {taskinstance.py:1037} INFO - Dependencies all met for <TaskInstance: uk_dag_test_1.kimuksung_test scheduled__2022-07-04T20:00:00+00:00 [queued]>
[2022-07-05 07:25:42,803] {taskinstance.py:1037} INFO - Dependencies all met for <TaskInstance: uk_dag_test_1.kimuksung_test scheduled__2022-07-04T20:00:00+00:00 [queued]>
[2022-07-05 07:25:42,804] {taskinstance.py:1243} INFO - 
--------------------------------------------------------------------------------
[2022-07-05 07:25:42,804] {taskinstance.py:1244} INFO - Starting attempt 1 of 1
[2022-07-05 07:25:42,804] {taskinstance.py:1245} INFO - 
--------------------------------------------------------------------------------
[2022-07-05 07:25:42,855] {taskinstance.py:1264} INFO - Executing <Task(PythonOperator): kimuksung_test> on 2022-07-04 20:00:00+00:00
[2022-07-05 07:25:42,867] {standard_task_runner.py:52} INFO - Started process 774 to run task
[2022-07-05 07:25:42,892] {standard_task_runner.py:76} INFO - Running: ['***', 'tasks', 'run', 'uk_dag_test_1', 'kimuksung_test', 'scheduled__2022-07-04T20:00:00+00:00', '--job-id', '280', '--raw', '--subdir', 'DAGS_FOLDER/test.py', '--cfg-path', '/tmp/tmpe2f5qg89', '--error-file', '/tmp/tmpb3gmjznt']
[2022-07-05 07:25:42,892] {standard_task_runner.py:77} INFO - Job 280: Subtask kimuksung_test
[2022-07-05 07:25:43,209] {logging_mixin.py:109} INFO - Running <TaskInstance: uk_dag_test_1.kimuksung_test scheduled__2022-07-04T20:00:00+00:00 [running]> on host 9514ca4c721b
[2022-07-05 07:25:43,441] {taskinstance.py:1431} INFO - Exporting the following env vars:
AIRFLOW_CTX_DAG_OWNER=***
AIRFLOW_CTX_DAG_ID=uk_dag_test_1
AIRFLOW_CTX_TASK_ID=kimuksung_test
AIRFLOW_CTX_EXECUTION_DATE=2022-07-04T20:00:00+00:00
AIRFLOW_CTX_DAG_RUN_ID=scheduled__2022-07-04T20:00:00+00:00
[2022-07-05 07:25:43,442] {logging_mixin.py:109} INFO - test function start
[2022-07-05 07:25:43,443] {test.py:22} INFO - pubg
[2022-07-05 07:25:43,443] {python.py:175} INFO - Done. Returned value was: test function clear
[2022-07-05 07:25:43,543] {taskinstance.py:1282} INFO - Marking task as SUCCESS. dag_id=uk_dag_test_1, task_id=kimuksung_test, execution_date=20220704T200000, start_date=20220705T072542, end_date=20220705T072543
[2022-07-05 07:25:43,705] {local_task_job.py:154} INFO - Task exited with return code 0
[2022-07-05 07:25:43,933] {local_task_job.py:264} INFO - 0 downstream tasks scheduled from follow-on schedule check
[2022-07-05 08:06:15,567] {taskinstance.py:1037} INFO - Dependencies all met for <TaskInstance: uk_dag_test_1.kimuksung_test scheduled__2022-07-04T20:00:00+00:00 [queued]>
[2022-07-05 08:06:15,605] {taskinstance.py:1037} INFO - Dependencies all met for <TaskInstance: uk_dag_test_1.kimuksung_test scheduled__2022-07-04T20:00:00+00:00 [queued]>
[2022-07-05 08:06:15,605] {taskinstance.py:1243} INFO - 
--------------------------------------------------------------------------------
[2022-07-05 08:06:15,606] {taskinstance.py:1244} INFO - Starting attempt 1 of 1
[2022-07-05 08:06:15,606] {taskinstance.py:1245} INFO - 
--------------------------------------------------------------------------------
[2022-07-05 08:06:15,687] {taskinstance.py:1264} INFO - Executing <Task(PythonOperator): kimuksung_test> on 2022-07-04 20:00:00+00:00
[2022-07-05 08:06:15,699] {standard_task_runner.py:52} INFO - Started process 2157 to run task
[2022-07-05 08:06:15,724] {standard_task_runner.py:76} INFO - Running: ['***', 'tasks', 'run', 'uk_dag_test_1', 'kimuksung_test', 'scheduled__2022-07-04T20:00:00+00:00', '--job-id', '331', '--raw', '--subdir', 'DAGS_FOLDER/test.py', '--cfg-path', '/tmp/tmpwmeel3wp', '--error-file', '/tmp/tmpceycsk84']
[2022-07-05 08:06:15,725] {standard_task_runner.py:77} INFO - Job 331: Subtask kimuksung_test
[2022-07-05 08:06:16,120] {logging_mixin.py:109} INFO - Running <TaskInstance: uk_dag_test_1.kimuksung_test scheduled__2022-07-04T20:00:00+00:00 [running]> on host 9514ca4c721b
[2022-07-05 08:06:16,582] {taskinstance.py:1431} INFO - Exporting the following env vars:
AIRFLOW_CTX_DAG_OWNER=***
AIRFLOW_CTX_DAG_ID=uk_dag_test_1
AIRFLOW_CTX_TASK_ID=kimuksung_test
AIRFLOW_CTX_EXECUTION_DATE=2022-07-04T20:00:00+00:00
AIRFLOW_CTX_DAG_RUN_ID=scheduled__2022-07-04T20:00:00+00:00
[2022-07-05 08:06:16,585] {logging_mixin.py:109} INFO - test function start
[2022-07-05 08:06:16,585] {test.py:22} INFO - pubg
[2022-07-05 08:06:16,585] {python.py:175} INFO - Done. Returned value was: test function clear
[2022-07-05 08:06:16,733] {taskinstance.py:1282} INFO - Marking task as SUCCESS. dag_id=uk_dag_test_1, task_id=kimuksung_test, execution_date=20220704T200000, start_date=20220705T080615, end_date=20220705T080616
[2022-07-05 08:06:16,952] {local_task_job.py:154} INFO - Task exited with return code 0
[2022-07-05 08:06:17,272] {local_task_job.py:264} INFO - 1 downstream tasks scheduled from follow-on schedule check
[2022-07-05 08:11:26,572] {taskinstance.py:1037} INFO - Dependencies all met for <TaskInstance: uk_dag_test_1.kimuksung_test scheduled__2022-07-04T20:00:00+00:00 [queued]>
[2022-07-05 08:11:26,615] {taskinstance.py:1037} INFO - Dependencies all met for <TaskInstance: uk_dag_test_1.kimuksung_test scheduled__2022-07-04T20:00:00+00:00 [queued]>
[2022-07-05 08:11:26,617] {taskinstance.py:1243} INFO - 
--------------------------------------------------------------------------------
[2022-07-05 08:11:26,618] {taskinstance.py:1244} INFO - Starting attempt 1 of 1
[2022-07-05 08:11:26,627] {taskinstance.py:1245} INFO - 
--------------------------------------------------------------------------------
[2022-07-05 08:11:26,693] {taskinstance.py:1264} INFO - Executing <Task(PythonOperator): kimuksung_test> on 2022-07-04 20:00:00+00:00
[2022-07-05 08:11:26,710] {standard_task_runner.py:52} INFO - Started process 2458 to run task
[2022-07-05 08:11:26,734] {standard_task_runner.py:76} INFO - Running: ['***', 'tasks', 'run', 'uk_dag_test_1', 'kimuksung_test', 'scheduled__2022-07-04T20:00:00+00:00', '--job-id', '396', '--raw', '--subdir', 'DAGS_FOLDER/test.py', '--cfg-path', '/tmp/tmp2mo7xzaf', '--error-file', '/tmp/tmp3_wbbtw3']
[2022-07-05 08:11:26,739] {standard_task_runner.py:77} INFO - Job 396: Subtask kimuksung_test
[2022-07-05 08:11:26,996] {logging_mixin.py:109} INFO - Running <TaskInstance: uk_dag_test_1.kimuksung_test scheduled__2022-07-04T20:00:00+00:00 [running]> on host 9514ca4c721b
[2022-07-05 08:11:27,165] {taskinstance.py:1431} INFO - Exporting the following env vars:
AIRFLOW_CTX_DAG_OWNER=***
AIRFLOW_CTX_DAG_ID=uk_dag_test_1
AIRFLOW_CTX_TASK_ID=kimuksung_test
AIRFLOW_CTX_EXECUTION_DATE=2022-07-04T20:00:00+00:00
AIRFLOW_CTX_DAG_RUN_ID=scheduled__2022-07-04T20:00:00+00:00
[2022-07-05 08:11:27,166] {logging_mixin.py:109} INFO - test function start
[2022-07-05 08:11:27,166] {test.py:22} INFO - pubg
[2022-07-05 08:11:27,166] {python.py:175} INFO - Done. Returned value was: pubg
[2022-07-05 08:11:27,263] {taskinstance.py:1282} INFO - Marking task as SUCCESS. dag_id=uk_dag_test_1, task_id=kimuksung_test, execution_date=20220704T200000, start_date=20220705T081126, end_date=20220705T081127
[2022-07-05 08:11:27,341] {local_task_job.py:154} INFO - Task exited with return code 0
[2022-07-05 08:11:27,437] {local_task_job.py:264} INFO - 1 downstream tasks scheduled from follow-on schedule check
