[2022-07-05 07:21:22,854] {taskinstance.py:1037} INFO - Dependencies all met for <TaskInstance: uk_dag_test_1.kimuksung_test scheduled__2022-07-04T17:00:00+00:00 [queued]>
[2022-07-05 07:21:22,923] {taskinstance.py:1037} INFO - Dependencies all met for <TaskInstance: uk_dag_test_1.kimuksung_test scheduled__2022-07-04T17:00:00+00:00 [queued]>
[2022-07-05 07:21:22,923] {taskinstance.py:1243} INFO - 
--------------------------------------------------------------------------------
[2022-07-05 07:21:22,923] {taskinstance.py:1244} INFO - Starting attempt 1 of 1
[2022-07-05 07:21:22,925] {taskinstance.py:1245} INFO - 
--------------------------------------------------------------------------------
[2022-07-05 07:21:23,010] {taskinstance.py:1264} INFO - Executing <Task(PythonOperator): kimuksung_test> on 2022-07-04 17:00:00+00:00
[2022-07-05 07:21:23,025] {standard_task_runner.py:52} INFO - Started process 576 to run task
[2022-07-05 07:21:23,032] {standard_task_runner.py:76} INFO - Running: ['***', 'tasks', 'run', 'uk_dag_test_1', 'kimuksung_test', 'scheduled__2022-07-04T17:00:00+00:00', '--job-id', '246', '--raw', '--subdir', 'DAGS_FOLDER/test.py', '--cfg-path', '/tmp/tmp1n9nmvx5', '--error-file', '/tmp/tmpb7rubfw3']
[2022-07-05 07:21:23,034] {standard_task_runner.py:77} INFO - Job 246: Subtask kimuksung_test
[2022-07-05 07:21:23,316] {logging_mixin.py:109} INFO - Running <TaskInstance: uk_dag_test_1.kimuksung_test scheduled__2022-07-04T17:00:00+00:00 [running]> on host 9514ca4c721b
[2022-07-05 07:21:23,602] {taskinstance.py:1431} INFO - Exporting the following env vars:
AIRFLOW_CTX_DAG_OWNER=***
AIRFLOW_CTX_DAG_ID=uk_dag_test_1
AIRFLOW_CTX_TASK_ID=kimuksung_test
AIRFLOW_CTX_EXECUTION_DATE=2022-07-04T17:00:00+00:00
AIRFLOW_CTX_DAG_RUN_ID=scheduled__2022-07-04T17:00:00+00:00
[2022-07-05 07:21:23,604] {logging_mixin.py:109} INFO - test function start
[2022-07-05 07:21:23,605] {taskinstance.py:1718} ERROR - Task failed with exception
Traceback (most recent call last):
  File "/home/airflow/.local/lib/python3.7/site-packages/airflow/models/taskinstance.py", line 1334, in _run_raw_task
    self._execute_task_with_callbacks(context)
  File "/home/airflow/.local/lib/python3.7/site-packages/airflow/models/taskinstance.py", line 1460, in _execute_task_with_callbacks
    result = self._execute_task(context, self.task)
  File "/home/airflow/.local/lib/python3.7/site-packages/airflow/models/taskinstance.py", line 1516, in _execute_task
    result = execute_callable(context=context)
  File "/home/airflow/.local/lib/python3.7/site-packages/airflow/operators/python.py", line 174, in execute
    return_value = self.execute_callable()
  File "/home/airflow/.local/lib/python3.7/site-packages/airflow/operators/python.py", line 188, in execute_callable
    return self.python_callable(*self.op_args, **self.op_kwargs)
  File "/opt/airflow/dags/test.py", line 21, in test
    parameter=context["paramas"]["parameter1"]
KeyError: 'paramas'
[2022-07-05 07:21:23,674] {taskinstance.py:1282} INFO - Marking task as FAILED. dag_id=uk_dag_test_1, task_id=kimuksung_test, execution_date=20220704T170000, start_date=20220705T072122, end_date=20220705T072123
[2022-07-05 07:21:23,740] {standard_task_runner.py:92} ERROR - Failed to execute job 246 for task kimuksung_test
Traceback (most recent call last):
  File "/home/airflow/.local/lib/python3.7/site-packages/airflow/task/task_runner/standard_task_runner.py", line 85, in _start_by_fork
    args.func(args, dag=self.dag)
  File "/home/airflow/.local/lib/python3.7/site-packages/airflow/cli/cli_parser.py", line 48, in command
    return func(*args, **kwargs)
  File "/home/airflow/.local/lib/python3.7/site-packages/airflow/utils/cli.py", line 92, in wrapper
    return f(*args, **kwargs)
  File "/home/airflow/.local/lib/python3.7/site-packages/airflow/cli/commands/task_command.py", line 298, in task_run
    _run_task_by_selected_method(args, dag, ti)
  File "/home/airflow/.local/lib/python3.7/site-packages/airflow/cli/commands/task_command.py", line 107, in _run_task_by_selected_method
    _run_raw_task(args, ti)
  File "/home/airflow/.local/lib/python3.7/site-packages/airflow/cli/commands/task_command.py", line 184, in _run_raw_task
    error_file=args.error_file,
  File "/home/airflow/.local/lib/python3.7/site-packages/airflow/utils/session.py", line 70, in wrapper
    return func(*args, session=session, **kwargs)
  File "/home/airflow/.local/lib/python3.7/site-packages/airflow/models/taskinstance.py", line 1334, in _run_raw_task
    self._execute_task_with_callbacks(context)
  File "/home/airflow/.local/lib/python3.7/site-packages/airflow/models/taskinstance.py", line 1460, in _execute_task_with_callbacks
    result = self._execute_task(context, self.task)
  File "/home/airflow/.local/lib/python3.7/site-packages/airflow/models/taskinstance.py", line 1516, in _execute_task
    result = execute_callable(context=context)
  File "/home/airflow/.local/lib/python3.7/site-packages/airflow/operators/python.py", line 174, in execute
    return_value = self.execute_callable()
  File "/home/airflow/.local/lib/python3.7/site-packages/airflow/operators/python.py", line 188, in execute_callable
    return self.python_callable(*self.op_args, **self.op_kwargs)
  File "/opt/airflow/dags/test.py", line 21, in test
    parameter=context["paramas"]["parameter1"]
KeyError: 'paramas'
[2022-07-05 07:21:23,774] {local_task_job.py:154} INFO - Task exited with return code 1
[2022-07-05 07:21:24,088] {local_task_job.py:264} INFO - 0 downstream tasks scheduled from follow-on schedule check
[2022-07-05 07:25:37,332] {taskinstance.py:1037} INFO - Dependencies all met for <TaskInstance: uk_dag_test_1.kimuksung_test scheduled__2022-07-04T17:00:00+00:00 [queued]>
[2022-07-05 07:25:37,383] {taskinstance.py:1037} INFO - Dependencies all met for <TaskInstance: uk_dag_test_1.kimuksung_test scheduled__2022-07-04T17:00:00+00:00 [queued]>
[2022-07-05 07:25:37,383] {taskinstance.py:1243} INFO - 
--------------------------------------------------------------------------------
[2022-07-05 07:25:37,383] {taskinstance.py:1244} INFO - Starting attempt 1 of 1
[2022-07-05 07:25:37,383] {taskinstance.py:1245} INFO - 
--------------------------------------------------------------------------------
[2022-07-05 07:25:37,527] {taskinstance.py:1264} INFO - Executing <Task(PythonOperator): kimuksung_test> on 2022-07-04 17:00:00+00:00
[2022-07-05 07:25:37,546] {standard_task_runner.py:52} INFO - Started process 768 to run task
[2022-07-05 07:25:37,591] {standard_task_runner.py:76} INFO - Running: ['***', 'tasks', 'run', 'uk_dag_test_1', 'kimuksung_test', 'scheduled__2022-07-04T17:00:00+00:00', '--job-id', '277', '--raw', '--subdir', 'DAGS_FOLDER/test.py', '--cfg-path', '/tmp/tmpg18vkp7e', '--error-file', '/tmp/tmp0jqiogjh']
[2022-07-05 07:25:37,592] {standard_task_runner.py:77} INFO - Job 277: Subtask kimuksung_test
[2022-07-05 07:25:38,003] {logging_mixin.py:109} INFO - Running <TaskInstance: uk_dag_test_1.kimuksung_test scheduled__2022-07-04T17:00:00+00:00 [running]> on host 9514ca4c721b
[2022-07-05 07:25:38,322] {taskinstance.py:1431} INFO - Exporting the following env vars:
AIRFLOW_CTX_DAG_OWNER=***
AIRFLOW_CTX_DAG_ID=uk_dag_test_1
AIRFLOW_CTX_TASK_ID=kimuksung_test
AIRFLOW_CTX_EXECUTION_DATE=2022-07-04T17:00:00+00:00
AIRFLOW_CTX_DAG_RUN_ID=scheduled__2022-07-04T17:00:00+00:00
[2022-07-05 07:25:38,323] {logging_mixin.py:109} INFO - test function start
[2022-07-05 07:25:38,324] {test.py:22} INFO - pubg
[2022-07-05 07:25:38,324] {python.py:175} INFO - Done. Returned value was: test function clear
[2022-07-05 07:25:38,409] {taskinstance.py:1282} INFO - Marking task as SUCCESS. dag_id=uk_dag_test_1, task_id=kimuksung_test, execution_date=20220704T170000, start_date=20220705T072537, end_date=20220705T072538
[2022-07-05 07:25:38,526] {local_task_job.py:154} INFO - Task exited with return code 0
[2022-07-05 07:25:39,026] {local_task_job.py:264} INFO - 0 downstream tasks scheduled from follow-on schedule check
[2022-07-05 08:06:07,537] {taskinstance.py:1037} INFO - Dependencies all met for <TaskInstance: uk_dag_test_1.kimuksung_test scheduled__2022-07-04T17:00:00+00:00 [queued]>
[2022-07-05 08:06:07,673] {taskinstance.py:1037} INFO - Dependencies all met for <TaskInstance: uk_dag_test_1.kimuksung_test scheduled__2022-07-04T17:00:00+00:00 [queued]>
[2022-07-05 08:06:07,673] {taskinstance.py:1243} INFO - 
--------------------------------------------------------------------------------
[2022-07-05 08:06:07,673] {taskinstance.py:1244} INFO - Starting attempt 1 of 1
[2022-07-05 08:06:07,674] {taskinstance.py:1245} INFO - 
--------------------------------------------------------------------------------
[2022-07-05 08:06:07,825] {taskinstance.py:1264} INFO - Executing <Task(PythonOperator): kimuksung_test> on 2022-07-04 17:00:00+00:00
[2022-07-05 08:06:07,995] {standard_task_runner.py:52} INFO - Started process 2144 to run task
[2022-07-05 08:06:08,039] {standard_task_runner.py:76} INFO - Running: ['***', 'tasks', 'run', 'uk_dag_test_1', 'kimuksung_test', 'scheduled__2022-07-04T17:00:00+00:00', '--job-id', '325', '--raw', '--subdir', 'DAGS_FOLDER/test.py', '--cfg-path', '/tmp/tmp3tvltsy_', '--error-file', '/tmp/tmpc16r3usx']
[2022-07-05 08:06:08,092] {standard_task_runner.py:77} INFO - Job 325: Subtask kimuksung_test
[2022-07-05 08:06:08,716] {logging_mixin.py:109} INFO - Running <TaskInstance: uk_dag_test_1.kimuksung_test scheduled__2022-07-04T17:00:00+00:00 [running]> on host 9514ca4c721b
[2022-07-05 08:06:09,292] {taskinstance.py:1431} INFO - Exporting the following env vars:
AIRFLOW_CTX_DAG_OWNER=***
AIRFLOW_CTX_DAG_ID=uk_dag_test_1
AIRFLOW_CTX_TASK_ID=kimuksung_test
AIRFLOW_CTX_EXECUTION_DATE=2022-07-04T17:00:00+00:00
AIRFLOW_CTX_DAG_RUN_ID=scheduled__2022-07-04T17:00:00+00:00
[2022-07-05 08:06:09,294] {logging_mixin.py:109} INFO - test function start
[2022-07-05 08:06:09,294] {test.py:22} INFO - pubg
[2022-07-05 08:06:09,294] {python.py:175} INFO - Done. Returned value was: test function clear
[2022-07-05 08:06:09,542] {taskinstance.py:1282} INFO - Marking task as SUCCESS. dag_id=uk_dag_test_1, task_id=kimuksung_test, execution_date=20220704T170000, start_date=20220705T080607, end_date=20220705T080609
[2022-07-05 08:06:09,717] {local_task_job.py:154} INFO - Task exited with return code 0
[2022-07-05 08:06:09,987] {local_task_job.py:264} INFO - 1 downstream tasks scheduled from follow-on schedule check
[2022-07-05 08:11:14,281] {taskinstance.py:1037} INFO - Dependencies all met for <TaskInstance: uk_dag_test_1.kimuksung_test scheduled__2022-07-04T17:00:00+00:00 [queued]>
[2022-07-05 08:11:14,453] {taskinstance.py:1037} INFO - Dependencies all met for <TaskInstance: uk_dag_test_1.kimuksung_test scheduled__2022-07-04T17:00:00+00:00 [queued]>
[2022-07-05 08:11:14,453] {taskinstance.py:1243} INFO - 
--------------------------------------------------------------------------------
[2022-07-05 08:11:14,453] {taskinstance.py:1244} INFO - Starting attempt 1 of 1
[2022-07-05 08:11:14,453] {taskinstance.py:1245} INFO - 
--------------------------------------------------------------------------------
[2022-07-05 08:11:14,539] {taskinstance.py:1264} INFO - Executing <Task(PythonOperator): kimuksung_test> on 2022-07-04 17:00:00+00:00
[2022-07-05 08:11:14,546] {standard_task_runner.py:52} INFO - Started process 2433 to run task
[2022-07-05 08:11:14,553] {standard_task_runner.py:76} INFO - Running: ['***', 'tasks', 'run', 'uk_dag_test_1', 'kimuksung_test', 'scheduled__2022-07-04T17:00:00+00:00', '--job-id', '387', '--raw', '--subdir', 'DAGS_FOLDER/test.py', '--cfg-path', '/tmp/tmpi0hd26vt', '--error-file', '/tmp/tmpwd_i4ixb']
[2022-07-05 08:11:14,554] {standard_task_runner.py:77} INFO - Job 387: Subtask kimuksung_test
[2022-07-05 08:11:14,769] {logging_mixin.py:109} INFO - Running <TaskInstance: uk_dag_test_1.kimuksung_test scheduled__2022-07-04T17:00:00+00:00 [running]> on host 9514ca4c721b
[2022-07-05 08:11:14,994] {taskinstance.py:1431} INFO - Exporting the following env vars:
AIRFLOW_CTX_DAG_OWNER=***
AIRFLOW_CTX_DAG_ID=uk_dag_test_1
AIRFLOW_CTX_TASK_ID=kimuksung_test
AIRFLOW_CTX_EXECUTION_DATE=2022-07-04T17:00:00+00:00
AIRFLOW_CTX_DAG_RUN_ID=scheduled__2022-07-04T17:00:00+00:00
[2022-07-05 08:11:14,995] {logging_mixin.py:109} INFO - test function start
[2022-07-05 08:11:14,995] {test.py:22} INFO - pubg
[2022-07-05 08:11:14,996] {python.py:175} INFO - Done. Returned value was: pubg
[2022-07-05 08:11:15,189] {taskinstance.py:1282} INFO - Marking task as SUCCESS. dag_id=uk_dag_test_1, task_id=kimuksung_test, execution_date=20220704T170000, start_date=20220705T081114, end_date=20220705T081115
[2022-07-05 08:11:15,398] {local_task_job.py:154} INFO - Task exited with return code 0
[2022-07-05 08:11:15,778] {local_task_job.py:264} INFO - 1 downstream tasks scheduled from follow-on schedule check
