[2022-07-05 05:32:10,996] {taskinstance.py:1037} INFO - Dependencies all met for <TaskInstance: uk_dag_test_1.kimuksung_test scheduled__2022-07-04T06:00:00+00:00 [queued]>
[2022-07-05 05:32:11,308] {taskinstance.py:1037} INFO - Dependencies all met for <TaskInstance: uk_dag_test_1.kimuksung_test scheduled__2022-07-04T06:00:00+00:00 [queued]>
[2022-07-05 05:32:11,308] {taskinstance.py:1243} INFO - 
--------------------------------------------------------------------------------
[2022-07-05 05:32:11,308] {taskinstance.py:1244} INFO - Starting attempt 1 of 1
[2022-07-05 05:32:11,308] {taskinstance.py:1245} INFO - 
--------------------------------------------------------------------------------
[2022-07-05 05:32:11,478] {taskinstance.py:1264} INFO - Executing <Task(PythonOperator): kimuksung_test> on 2022-07-04 06:00:00+00:00
[2022-07-05 05:32:11,570] {standard_task_runner.py:76} INFO - Running: ['***', 'tasks', 'run', 'uk_dag_test_1', 'kimuksung_test', 'scheduled__2022-07-04T06:00:00+00:00', '--job-id', '165', '--raw', '--subdir', 'DAGS_FOLDER/test.py', '--cfg-path', '/tmp/tmp4as5zkr8', '--error-file', '/tmp/tmppvy3jgns']
[2022-07-05 05:32:11,571] {standard_task_runner.py:77} INFO - Job 165: Subtask kimuksung_test
[2022-07-05 05:32:11,555] {standard_task_runner.py:52} INFO - Started process 697 to run task
[2022-07-05 05:32:12,318] {logging_mixin.py:109} INFO - Running <TaskInstance: uk_dag_test_1.kimuksung_test scheduled__2022-07-04T06:00:00+00:00 [running]> on host 5b96eb6af7d5
[2022-07-05 05:32:13,299] {taskinstance.py:1431} INFO - Exporting the following env vars:
AIRFLOW_CTX_DAG_OWNER=***
AIRFLOW_CTX_DAG_ID=uk_dag_test_1
AIRFLOW_CTX_TASK_ID=kimuksung_test
AIRFLOW_CTX_EXECUTION_DATE=2022-07-04T06:00:00+00:00
AIRFLOW_CTX_DAG_RUN_ID=scheduled__2022-07-04T06:00:00+00:00
[2022-07-05 05:32:13,301] {logging_mixin.py:109} INFO - test function start
[2022-07-05 05:32:13,301] {taskinstance.py:1718} ERROR - Task failed with exception
Traceback (most recent call last):
  File "/home/airflow/.local/lib/python3.7/site-packages/airflow/models/taskinstance.py", line 1334, in _run_raw_task
    self._execute_task_with_callbacks(context)
  File "/home/airflow/.local/lib/python3.7/site-packages/airflow/models/taskinstance.py", line 1460, in _execute_task_with_callbacks
    result = self._execute_task(context, self.task)
  File "/home/airflow/.local/lib/python3.7/site-packages/airflow/models/taskinstance.py", line 1516, in _execute_task
    result = execute_callable(context=context)
  File "/home/airflow/.local/lib/python3.7/site-packages/airflow/operators/python.py", line 174, in execute
    return_value = self.execute_callable()
  File "/home/airflow/.local/lib/python3.7/site-packages/airflow/operators/python.py", line 188, in execute_callable
    return self.python_callable(*self.op_args, **self.op_kwargs)
  File "/opt/airflow/dags/test.py", line 21, in test
    parameter=context["paramas"]["parameter1"]
KeyError: 'paramas'
[2022-07-05 05:32:13,518] {taskinstance.py:1282} INFO - Marking task as FAILED. dag_id=uk_dag_test_1, task_id=kimuksung_test, execution_date=20220704T060000, start_date=20220705T053210, end_date=20220705T053213
[2022-07-05 05:32:13,609] {standard_task_runner.py:92} ERROR - Failed to execute job 165 for task kimuksung_test
Traceback (most recent call last):
  File "/home/airflow/.local/lib/python3.7/site-packages/airflow/task/task_runner/standard_task_runner.py", line 85, in _start_by_fork
    args.func(args, dag=self.dag)
  File "/home/airflow/.local/lib/python3.7/site-packages/airflow/cli/cli_parser.py", line 48, in command
    return func(*args, **kwargs)
  File "/home/airflow/.local/lib/python3.7/site-packages/airflow/utils/cli.py", line 92, in wrapper
    return f(*args, **kwargs)
  File "/home/airflow/.local/lib/python3.7/site-packages/airflow/cli/commands/task_command.py", line 298, in task_run
    _run_task_by_selected_method(args, dag, ti)
  File "/home/airflow/.local/lib/python3.7/site-packages/airflow/cli/commands/task_command.py", line 107, in _run_task_by_selected_method
    _run_raw_task(args, ti)
  File "/home/airflow/.local/lib/python3.7/site-packages/airflow/cli/commands/task_command.py", line 184, in _run_raw_task
    error_file=args.error_file,
  File "/home/airflow/.local/lib/python3.7/site-packages/airflow/utils/session.py", line 70, in wrapper
    return func(*args, session=session, **kwargs)
  File "/home/airflow/.local/lib/python3.7/site-packages/airflow/models/taskinstance.py", line 1334, in _run_raw_task
    self._execute_task_with_callbacks(context)
  File "/home/airflow/.local/lib/python3.7/site-packages/airflow/models/taskinstance.py", line 1460, in _execute_task_with_callbacks
    result = self._execute_task(context, self.task)
  File "/home/airflow/.local/lib/python3.7/site-packages/airflow/models/taskinstance.py", line 1516, in _execute_task
    result = execute_callable(context=context)
  File "/home/airflow/.local/lib/python3.7/site-packages/airflow/operators/python.py", line 174, in execute
    return_value = self.execute_callable()
  File "/home/airflow/.local/lib/python3.7/site-packages/airflow/operators/python.py", line 188, in execute_callable
    return self.python_callable(*self.op_args, **self.op_kwargs)
  File "/opt/airflow/dags/test.py", line 21, in test
    parameter=context["paramas"]["parameter1"]
KeyError: 'paramas'
[2022-07-05 05:32:13,654] {local_task_job.py:154} INFO - Task exited with return code 1
[2022-07-05 05:32:14,027] {local_task_job.py:264} INFO - 0 downstream tasks scheduled from follow-on schedule check
[2022-07-05 07:21:07,045] {taskinstance.py:1037} INFO - Dependencies all met for <TaskInstance: uk_dag_test_1.kimuksung_test scheduled__2022-07-04T06:00:00+00:00 [queued]>
[2022-07-05 07:21:07,190] {taskinstance.py:1037} INFO - Dependencies all met for <TaskInstance: uk_dag_test_1.kimuksung_test scheduled__2022-07-04T06:00:00+00:00 [queued]>
[2022-07-05 07:21:07,190] {taskinstance.py:1243} INFO - 
--------------------------------------------------------------------------------
[2022-07-05 07:21:07,191] {taskinstance.py:1244} INFO - Starting attempt 1 of 1
[2022-07-05 07:21:07,191] {taskinstance.py:1245} INFO - 
--------------------------------------------------------------------------------
[2022-07-05 07:21:07,339] {taskinstance.py:1264} INFO - Executing <Task(PythonOperator): kimuksung_test> on 2022-07-04 06:00:00+00:00
[2022-07-05 07:21:07,349] {standard_task_runner.py:52} INFO - Started process 546 to run task
[2022-07-05 07:21:07,370] {standard_task_runner.py:76} INFO - Running: ['***', 'tasks', 'run', 'uk_dag_test_1', 'kimuksung_test', 'scheduled__2022-07-04T06:00:00+00:00', '--job-id', '235', '--raw', '--subdir', 'DAGS_FOLDER/test.py', '--cfg-path', '/tmp/tmphg2wi3aq', '--error-file', '/tmp/tmp4bjoh5_1']
[2022-07-05 07:21:07,372] {standard_task_runner.py:77} INFO - Job 235: Subtask kimuksung_test
[2022-07-05 07:21:07,923] {logging_mixin.py:109} INFO - Running <TaskInstance: uk_dag_test_1.kimuksung_test scheduled__2022-07-04T06:00:00+00:00 [running]> on host 9514ca4c721b
[2022-07-05 07:21:08,297] {taskinstance.py:1431} INFO - Exporting the following env vars:
AIRFLOW_CTX_DAG_OWNER=***
AIRFLOW_CTX_DAG_ID=uk_dag_test_1
AIRFLOW_CTX_TASK_ID=kimuksung_test
AIRFLOW_CTX_EXECUTION_DATE=2022-07-04T06:00:00+00:00
AIRFLOW_CTX_DAG_RUN_ID=scheduled__2022-07-04T06:00:00+00:00
[2022-07-05 07:21:08,298] {logging_mixin.py:109} INFO - test function start
[2022-07-05 07:21:08,299] {taskinstance.py:1718} ERROR - Task failed with exception
Traceback (most recent call last):
  File "/home/airflow/.local/lib/python3.7/site-packages/airflow/models/taskinstance.py", line 1334, in _run_raw_task
    self._execute_task_with_callbacks(context)
  File "/home/airflow/.local/lib/python3.7/site-packages/airflow/models/taskinstance.py", line 1460, in _execute_task_with_callbacks
    result = self._execute_task(context, self.task)
  File "/home/airflow/.local/lib/python3.7/site-packages/airflow/models/taskinstance.py", line 1516, in _execute_task
    result = execute_callable(context=context)
  File "/home/airflow/.local/lib/python3.7/site-packages/airflow/operators/python.py", line 174, in execute
    return_value = self.execute_callable()
  File "/home/airflow/.local/lib/python3.7/site-packages/airflow/operators/python.py", line 188, in execute_callable
    return self.python_callable(*self.op_args, **self.op_kwargs)
  File "/opt/airflow/dags/test.py", line 21, in test
    parameter=context["paramas"]["parameter1"]
KeyError: 'paramas'
[2022-07-05 07:21:08,367] {taskinstance.py:1282} INFO - Marking task as FAILED. dag_id=uk_dag_test_1, task_id=kimuksung_test, execution_date=20220704T060000, start_date=20220705T072107, end_date=20220705T072108
[2022-07-05 07:21:08,468] {standard_task_runner.py:92} ERROR - Failed to execute job 235 for task kimuksung_test
Traceback (most recent call last):
  File "/home/airflow/.local/lib/python3.7/site-packages/airflow/task/task_runner/standard_task_runner.py", line 85, in _start_by_fork
    args.func(args, dag=self.dag)
  File "/home/airflow/.local/lib/python3.7/site-packages/airflow/cli/cli_parser.py", line 48, in command
    return func(*args, **kwargs)
  File "/home/airflow/.local/lib/python3.7/site-packages/airflow/utils/cli.py", line 92, in wrapper
    return f(*args, **kwargs)
  File "/home/airflow/.local/lib/python3.7/site-packages/airflow/cli/commands/task_command.py", line 298, in task_run
    _run_task_by_selected_method(args, dag, ti)
  File "/home/airflow/.local/lib/python3.7/site-packages/airflow/cli/commands/task_command.py", line 107, in _run_task_by_selected_method
    _run_raw_task(args, ti)
  File "/home/airflow/.local/lib/python3.7/site-packages/airflow/cli/commands/task_command.py", line 184, in _run_raw_task
    error_file=args.error_file,
  File "/home/airflow/.local/lib/python3.7/site-packages/airflow/utils/session.py", line 70, in wrapper
    return func(*args, session=session, **kwargs)
  File "/home/airflow/.local/lib/python3.7/site-packages/airflow/models/taskinstance.py", line 1334, in _run_raw_task
    self._execute_task_with_callbacks(context)
  File "/home/airflow/.local/lib/python3.7/site-packages/airflow/models/taskinstance.py", line 1460, in _execute_task_with_callbacks
    result = self._execute_task(context, self.task)
  File "/home/airflow/.local/lib/python3.7/site-packages/airflow/models/taskinstance.py", line 1516, in _execute_task
    result = execute_callable(context=context)
  File "/home/airflow/.local/lib/python3.7/site-packages/airflow/operators/python.py", line 174, in execute
    return_value = self.execute_callable()
  File "/home/airflow/.local/lib/python3.7/site-packages/airflow/operators/python.py", line 188, in execute_callable
    return self.python_callable(*self.op_args, **self.op_kwargs)
  File "/opt/airflow/dags/test.py", line 21, in test
    parameter=context["paramas"]["parameter1"]
KeyError: 'paramas'
[2022-07-05 07:21:08,536] {local_task_job.py:154} INFO - Task exited with return code 1
[2022-07-05 07:21:08,751] {local_task_job.py:264} INFO - 0 downstream tasks scheduled from follow-on schedule check
[2022-07-05 07:25:17,826] {taskinstance.py:1037} INFO - Dependencies all met for <TaskInstance: uk_dag_test_1.kimuksung_test scheduled__2022-07-04T06:00:00+00:00 [queued]>
[2022-07-05 07:25:17,901] {taskinstance.py:1037} INFO - Dependencies all met for <TaskInstance: uk_dag_test_1.kimuksung_test scheduled__2022-07-04T06:00:00+00:00 [queued]>
[2022-07-05 07:25:17,902] {taskinstance.py:1243} INFO - 
--------------------------------------------------------------------------------
[2022-07-05 07:25:17,902] {taskinstance.py:1244} INFO - Starting attempt 1 of 1
[2022-07-05 07:25:17,902] {taskinstance.py:1245} INFO - 
--------------------------------------------------------------------------------
[2022-07-05 07:25:17,986] {taskinstance.py:1264} INFO - Executing <Task(PythonOperator): kimuksung_test> on 2022-07-04 06:00:00+00:00
[2022-07-05 07:25:18,022] {standard_task_runner.py:52} INFO - Started process 737 to run task
[2022-07-05 07:25:18,036] {standard_task_runner.py:76} INFO - Running: ['***', 'tasks', 'run', 'uk_dag_test_1', 'kimuksung_test', 'scheduled__2022-07-04T06:00:00+00:00', '--job-id', '266', '--raw', '--subdir', 'DAGS_FOLDER/test.py', '--cfg-path', '/tmp/tmpseuv9xpt', '--error-file', '/tmp/tmplpawfkso']
[2022-07-05 07:25:18,036] {standard_task_runner.py:77} INFO - Job 266: Subtask kimuksung_test
[2022-07-05 07:25:18,539] {logging_mixin.py:109} INFO - Running <TaskInstance: uk_dag_test_1.kimuksung_test scheduled__2022-07-04T06:00:00+00:00 [running]> on host 9514ca4c721b
[2022-07-05 07:25:19,015] {taskinstance.py:1431} INFO - Exporting the following env vars:
AIRFLOW_CTX_DAG_OWNER=***
AIRFLOW_CTX_DAG_ID=uk_dag_test_1
AIRFLOW_CTX_TASK_ID=kimuksung_test
AIRFLOW_CTX_EXECUTION_DATE=2022-07-04T06:00:00+00:00
AIRFLOW_CTX_DAG_RUN_ID=scheduled__2022-07-04T06:00:00+00:00
[2022-07-05 07:25:19,017] {logging_mixin.py:109} INFO - test function start
[2022-07-05 07:25:19,017] {test.py:22} INFO - pubg
[2022-07-05 07:25:19,017] {python.py:175} INFO - Done. Returned value was: test function clear
[2022-07-05 07:25:19,165] {taskinstance.py:1282} INFO - Marking task as SUCCESS. dag_id=uk_dag_test_1, task_id=kimuksung_test, execution_date=20220704T060000, start_date=20220705T072517, end_date=20220705T072519
[2022-07-05 07:25:19,247] {local_task_job.py:154} INFO - Task exited with return code 0
[2022-07-05 07:25:19,359] {local_task_job.py:264} INFO - 0 downstream tasks scheduled from follow-on schedule check
[2022-07-05 08:05:32,425] {taskinstance.py:1037} INFO - Dependencies all met for <TaskInstance: uk_dag_test_1.kimuksung_test scheduled__2022-07-04T06:00:00+00:00 [queued]>
[2022-07-05 08:05:32,645] {taskinstance.py:1037} INFO - Dependencies all met for <TaskInstance: uk_dag_test_1.kimuksung_test scheduled__2022-07-04T06:00:00+00:00 [queued]>
[2022-07-05 08:05:32,646] {taskinstance.py:1243} INFO - 
--------------------------------------------------------------------------------
[2022-07-05 08:05:32,646] {taskinstance.py:1244} INFO - Starting attempt 1 of 1
[2022-07-05 08:05:32,646] {taskinstance.py:1245} INFO - 
--------------------------------------------------------------------------------
[2022-07-05 08:05:32,777] {taskinstance.py:1264} INFO - Executing <Task(PythonOperator): kimuksung_test> on 2022-07-04 06:00:00+00:00
[2022-07-05 08:05:32,888] {standard_task_runner.py:76} INFO - Running: ['***', 'tasks', 'run', 'uk_dag_test_1', 'kimuksung_test', 'scheduled__2022-07-04T06:00:00+00:00', '--job-id', '301', '--raw', '--subdir', 'DAGS_FOLDER/test.py', '--cfg-path', '/tmp/tmpm9s06uib', '--error-file', '/tmp/tmpnlo6jtex']
[2022-07-05 08:05:32,890] {standard_task_runner.py:77} INFO - Job 301: Subtask kimuksung_test
[2022-07-05 08:05:32,851] {standard_task_runner.py:52} INFO - Started process 2079 to run task
[2022-07-05 08:05:34,400] {logging_mixin.py:109} INFO - Running <TaskInstance: uk_dag_test_1.kimuksung_test scheduled__2022-07-04T06:00:00+00:00 [running]> on host 9514ca4c721b
[2022-07-05 08:05:35,402] {taskinstance.py:1431} INFO - Exporting the following env vars:
AIRFLOW_CTX_DAG_OWNER=***
AIRFLOW_CTX_DAG_ID=uk_dag_test_1
AIRFLOW_CTX_TASK_ID=kimuksung_test
AIRFLOW_CTX_EXECUTION_DATE=2022-07-04T06:00:00+00:00
AIRFLOW_CTX_DAG_RUN_ID=scheduled__2022-07-04T06:00:00+00:00
[2022-07-05 08:05:35,416] {logging_mixin.py:109} INFO - test function start
[2022-07-05 08:05:35,416] {test.py:22} INFO - pubg
[2022-07-05 08:05:35,416] {python.py:175} INFO - Done. Returned value was: test function clear
[2022-07-05 08:05:35,627] {taskinstance.py:1282} INFO - Marking task as SUCCESS. dag_id=uk_dag_test_1, task_id=kimuksung_test, execution_date=20220704T060000, start_date=20220705T080532, end_date=20220705T080535
[2022-07-05 08:05:35,762] {local_task_job.py:154} INFO - Task exited with return code 0
[2022-07-05 08:05:35,941] {local_task_job.py:264} INFO - 1 downstream tasks scheduled from follow-on schedule check
[2022-07-05 08:10:55,023] {taskinstance.py:1037} INFO - Dependencies all met for <TaskInstance: uk_dag_test_1.kimuksung_test scheduled__2022-07-04T06:00:00+00:00 [queued]>
[2022-07-05 08:10:55,093] {taskinstance.py:1037} INFO - Dependencies all met for <TaskInstance: uk_dag_test_1.kimuksung_test scheduled__2022-07-04T06:00:00+00:00 [queued]>
[2022-07-05 08:10:55,093] {taskinstance.py:1243} INFO - 
--------------------------------------------------------------------------------
[2022-07-05 08:10:55,093] {taskinstance.py:1244} INFO - Starting attempt 1 of 1
[2022-07-05 08:10:55,094] {taskinstance.py:1245} INFO - 
--------------------------------------------------------------------------------
[2022-07-05 08:10:55,190] {taskinstance.py:1264} INFO - Executing <Task(PythonOperator): kimuksung_test> on 2022-07-04 06:00:00+00:00
[2022-07-05 08:10:55,196] {standard_task_runner.py:52} INFO - Started process 2385 to run task
[2022-07-05 08:10:55,213] {standard_task_runner.py:76} INFO - Running: ['***', 'tasks', 'run', 'uk_dag_test_1', 'kimuksung_test', 'scheduled__2022-07-04T06:00:00+00:00', '--job-id', '368', '--raw', '--subdir', 'DAGS_FOLDER/test.py', '--cfg-path', '/tmp/tmparm7uejb', '--error-file', '/tmp/tmphkkycle4']
[2022-07-05 08:10:55,214] {standard_task_runner.py:77} INFO - Job 368: Subtask kimuksung_test
[2022-07-05 08:10:55,594] {logging_mixin.py:109} INFO - Running <TaskInstance: uk_dag_test_1.kimuksung_test scheduled__2022-07-04T06:00:00+00:00 [running]> on host 9514ca4c721b
[2022-07-05 08:10:55,931] {taskinstance.py:1431} INFO - Exporting the following env vars:
AIRFLOW_CTX_DAG_OWNER=***
AIRFLOW_CTX_DAG_ID=uk_dag_test_1
AIRFLOW_CTX_TASK_ID=kimuksung_test
AIRFLOW_CTX_EXECUTION_DATE=2022-07-04T06:00:00+00:00
AIRFLOW_CTX_DAG_RUN_ID=scheduled__2022-07-04T06:00:00+00:00
[2022-07-05 08:10:55,935] {logging_mixin.py:109} INFO - test function start
[2022-07-05 08:10:55,935] {test.py:22} INFO - pubg
[2022-07-05 08:10:55,935] {python.py:175} INFO - Done. Returned value was: pubg
[2022-07-05 08:10:56,185] {taskinstance.py:1282} INFO - Marking task as SUCCESS. dag_id=uk_dag_test_1, task_id=kimuksung_test, execution_date=20220704T060000, start_date=20220705T081055, end_date=20220705T081056
[2022-07-05 08:10:56,287] {local_task_job.py:154} INFO - Task exited with return code 0
[2022-07-05 08:10:56,475] {local_task_job.py:264} INFO - 1 downstream tasks scheduled from follow-on schedule check
