[2022-07-05 07:21:30,282] {taskinstance.py:1037} INFO - Dependencies all met for <TaskInstance: uk_dag_test_1.kimuksung_test scheduled__2022-07-04T21:00:00+00:00 [queued]>
[2022-07-05 07:21:30,324] {taskinstance.py:1037} INFO - Dependencies all met for <TaskInstance: uk_dag_test_1.kimuksung_test scheduled__2022-07-04T21:00:00+00:00 [queued]>
[2022-07-05 07:21:30,324] {taskinstance.py:1243} INFO - 
--------------------------------------------------------------------------------
[2022-07-05 07:21:30,325] {taskinstance.py:1244} INFO - Starting attempt 1 of 1
[2022-07-05 07:21:30,325] {taskinstance.py:1245} INFO - 
--------------------------------------------------------------------------------
[2022-07-05 07:21:30,403] {taskinstance.py:1264} INFO - Executing <Task(PythonOperator): kimuksung_test> on 2022-07-04 21:00:00+00:00
[2022-07-05 07:21:30,417] {standard_task_runner.py:52} INFO - Started process 585 to run task
[2022-07-05 07:21:30,451] {standard_task_runner.py:76} INFO - Running: ['***', 'tasks', 'run', 'uk_dag_test_1', 'kimuksung_test', 'scheduled__2022-07-04T21:00:00+00:00', '--job-id', '250', '--raw', '--subdir', 'DAGS_FOLDER/test.py', '--cfg-path', '/tmp/tmp0ehege2x', '--error-file', '/tmp/tmpt0lk2i06']
[2022-07-05 07:21:30,452] {standard_task_runner.py:77} INFO - Job 250: Subtask kimuksung_test
[2022-07-05 07:21:30,713] {logging_mixin.py:109} INFO - Running <TaskInstance: uk_dag_test_1.kimuksung_test scheduled__2022-07-04T21:00:00+00:00 [running]> on host 9514ca4c721b
[2022-07-05 07:21:30,953] {taskinstance.py:1431} INFO - Exporting the following env vars:
AIRFLOW_CTX_DAG_OWNER=***
AIRFLOW_CTX_DAG_ID=uk_dag_test_1
AIRFLOW_CTX_TASK_ID=kimuksung_test
AIRFLOW_CTX_EXECUTION_DATE=2022-07-04T21:00:00+00:00
AIRFLOW_CTX_DAG_RUN_ID=scheduled__2022-07-04T21:00:00+00:00
[2022-07-05 07:21:30,958] {logging_mixin.py:109} INFO - test function start
[2022-07-05 07:21:30,959] {taskinstance.py:1718} ERROR - Task failed with exception
Traceback (most recent call last):
  File "/home/airflow/.local/lib/python3.7/site-packages/airflow/models/taskinstance.py", line 1334, in _run_raw_task
    self._execute_task_with_callbacks(context)
  File "/home/airflow/.local/lib/python3.7/site-packages/airflow/models/taskinstance.py", line 1460, in _execute_task_with_callbacks
    result = self._execute_task(context, self.task)
  File "/home/airflow/.local/lib/python3.7/site-packages/airflow/models/taskinstance.py", line 1516, in _execute_task
    result = execute_callable(context=context)
  File "/home/airflow/.local/lib/python3.7/site-packages/airflow/operators/python.py", line 174, in execute
    return_value = self.execute_callable()
  File "/home/airflow/.local/lib/python3.7/site-packages/airflow/operators/python.py", line 188, in execute_callable
    return self.python_callable(*self.op_args, **self.op_kwargs)
  File "/opt/airflow/dags/test.py", line 21, in test
    parameter=context["paramas"]["parameter1"]
KeyError: 'paramas'
[2022-07-05 07:21:31,022] {taskinstance.py:1282} INFO - Marking task as FAILED. dag_id=uk_dag_test_1, task_id=kimuksung_test, execution_date=20220704T210000, start_date=20220705T072130, end_date=20220705T072131
[2022-07-05 07:21:31,096] {standard_task_runner.py:92} ERROR - Failed to execute job 250 for task kimuksung_test
Traceback (most recent call last):
  File "/home/airflow/.local/lib/python3.7/site-packages/airflow/task/task_runner/standard_task_runner.py", line 85, in _start_by_fork
    args.func(args, dag=self.dag)
  File "/home/airflow/.local/lib/python3.7/site-packages/airflow/cli/cli_parser.py", line 48, in command
    return func(*args, **kwargs)
  File "/home/airflow/.local/lib/python3.7/site-packages/airflow/utils/cli.py", line 92, in wrapper
    return f(*args, **kwargs)
  File "/home/airflow/.local/lib/python3.7/site-packages/airflow/cli/commands/task_command.py", line 298, in task_run
    _run_task_by_selected_method(args, dag, ti)
  File "/home/airflow/.local/lib/python3.7/site-packages/airflow/cli/commands/task_command.py", line 107, in _run_task_by_selected_method
    _run_raw_task(args, ti)
  File "/home/airflow/.local/lib/python3.7/site-packages/airflow/cli/commands/task_command.py", line 184, in _run_raw_task
    error_file=args.error_file,
  File "/home/airflow/.local/lib/python3.7/site-packages/airflow/utils/session.py", line 70, in wrapper
    return func(*args, session=session, **kwargs)
  File "/home/airflow/.local/lib/python3.7/site-packages/airflow/models/taskinstance.py", line 1334, in _run_raw_task
    self._execute_task_with_callbacks(context)
  File "/home/airflow/.local/lib/python3.7/site-packages/airflow/models/taskinstance.py", line 1460, in _execute_task_with_callbacks
    result = self._execute_task(context, self.task)
  File "/home/airflow/.local/lib/python3.7/site-packages/airflow/models/taskinstance.py", line 1516, in _execute_task
    result = execute_callable(context=context)
  File "/home/airflow/.local/lib/python3.7/site-packages/airflow/operators/python.py", line 174, in execute
    return_value = self.execute_callable()
  File "/home/airflow/.local/lib/python3.7/site-packages/airflow/operators/python.py", line 188, in execute_callable
    return self.python_callable(*self.op_args, **self.op_kwargs)
  File "/opt/airflow/dags/test.py", line 21, in test
    parameter=context["paramas"]["parameter1"]
KeyError: 'paramas'
[2022-07-05 07:21:31,158] {local_task_job.py:154} INFO - Task exited with return code 1
[2022-07-05 07:21:31,267] {local_task_job.py:264} INFO - 0 downstream tasks scheduled from follow-on schedule check
[2022-07-05 07:25:43,598] {taskinstance.py:1037} INFO - Dependencies all met for <TaskInstance: uk_dag_test_1.kimuksung_test scheduled__2022-07-04T21:00:00+00:00 [queued]>
[2022-07-05 07:25:43,671] {taskinstance.py:1037} INFO - Dependencies all met for <TaskInstance: uk_dag_test_1.kimuksung_test scheduled__2022-07-04T21:00:00+00:00 [queued]>
[2022-07-05 07:25:43,672] {taskinstance.py:1243} INFO - 
--------------------------------------------------------------------------------
[2022-07-05 07:25:43,672] {taskinstance.py:1244} INFO - Starting attempt 1 of 1
[2022-07-05 07:25:43,672] {taskinstance.py:1245} INFO - 
--------------------------------------------------------------------------------
[2022-07-05 07:25:43,744] {taskinstance.py:1264} INFO - Executing <Task(PythonOperator): kimuksung_test> on 2022-07-04 21:00:00+00:00
[2022-07-05 07:25:43,762] {standard_task_runner.py:52} INFO - Started process 776 to run task
[2022-07-05 07:25:43,768] {standard_task_runner.py:76} INFO - Running: ['***', 'tasks', 'run', 'uk_dag_test_1', 'kimuksung_test', 'scheduled__2022-07-04T21:00:00+00:00', '--job-id', '281', '--raw', '--subdir', 'DAGS_FOLDER/test.py', '--cfg-path', '/tmp/tmpwbdzcgz3', '--error-file', '/tmp/tmpzpd_i9em']
[2022-07-05 07:25:43,769] {standard_task_runner.py:77} INFO - Job 281: Subtask kimuksung_test
[2022-07-05 07:25:44,591] {logging_mixin.py:109} INFO - Running <TaskInstance: uk_dag_test_1.kimuksung_test scheduled__2022-07-04T21:00:00+00:00 [running]> on host 9514ca4c721b
[2022-07-05 07:25:44,894] {taskinstance.py:1431} INFO - Exporting the following env vars:
AIRFLOW_CTX_DAG_OWNER=***
AIRFLOW_CTX_DAG_ID=uk_dag_test_1
AIRFLOW_CTX_TASK_ID=kimuksung_test
AIRFLOW_CTX_EXECUTION_DATE=2022-07-04T21:00:00+00:00
AIRFLOW_CTX_DAG_RUN_ID=scheduled__2022-07-04T21:00:00+00:00
[2022-07-05 07:25:44,895] {logging_mixin.py:109} INFO - test function start
[2022-07-05 07:25:44,895] {test.py:22} INFO - pubg
[2022-07-05 07:25:44,896] {python.py:175} INFO - Done. Returned value was: test function clear
[2022-07-05 07:25:45,000] {taskinstance.py:1282} INFO - Marking task as SUCCESS. dag_id=uk_dag_test_1, task_id=kimuksung_test, execution_date=20220704T210000, start_date=20220705T072543, end_date=20220705T072544
[2022-07-05 07:25:45,093] {local_task_job.py:154} INFO - Task exited with return code 0
[2022-07-05 07:25:45,261] {local_task_job.py:264} INFO - 0 downstream tasks scheduled from follow-on schedule check
[2022-07-05 08:06:16,525] {taskinstance.py:1037} INFO - Dependencies all met for <TaskInstance: uk_dag_test_1.kimuksung_test scheduled__2022-07-04T21:00:00+00:00 [queued]>
[2022-07-05 08:06:16,615] {taskinstance.py:1037} INFO - Dependencies all met for <TaskInstance: uk_dag_test_1.kimuksung_test scheduled__2022-07-04T21:00:00+00:00 [queued]>
[2022-07-05 08:06:16,615] {taskinstance.py:1243} INFO - 
--------------------------------------------------------------------------------
[2022-07-05 08:06:16,615] {taskinstance.py:1244} INFO - Starting attempt 1 of 1
[2022-07-05 08:06:16,615] {taskinstance.py:1245} INFO - 
--------------------------------------------------------------------------------
[2022-07-05 08:06:16,726] {taskinstance.py:1264} INFO - Executing <Task(PythonOperator): kimuksung_test> on 2022-07-04 21:00:00+00:00
[2022-07-05 08:06:16,789] {standard_task_runner.py:52} INFO - Started process 2158 to run task
[2022-07-05 08:06:16,835] {standard_task_runner.py:76} INFO - Running: ['***', 'tasks', 'run', 'uk_dag_test_1', 'kimuksung_test', 'scheduled__2022-07-04T21:00:00+00:00', '--job-id', '332', '--raw', '--subdir', 'DAGS_FOLDER/test.py', '--cfg-path', '/tmp/tmprjopb1tm', '--error-file', '/tmp/tmpzyejyzfj']
[2022-07-05 08:06:16,836] {standard_task_runner.py:77} INFO - Job 332: Subtask kimuksung_test
[2022-07-05 08:06:17,330] {logging_mixin.py:109} INFO - Running <TaskInstance: uk_dag_test_1.kimuksung_test scheduled__2022-07-04T21:00:00+00:00 [running]> on host 9514ca4c721b
[2022-07-05 08:06:17,745] {taskinstance.py:1431} INFO - Exporting the following env vars:
AIRFLOW_CTX_DAG_OWNER=***
AIRFLOW_CTX_DAG_ID=uk_dag_test_1
AIRFLOW_CTX_TASK_ID=kimuksung_test
AIRFLOW_CTX_EXECUTION_DATE=2022-07-04T21:00:00+00:00
AIRFLOW_CTX_DAG_RUN_ID=scheduled__2022-07-04T21:00:00+00:00
[2022-07-05 08:06:17,746] {logging_mixin.py:109} INFO - test function start
[2022-07-05 08:06:17,746] {test.py:22} INFO - pubg
[2022-07-05 08:06:17,746] {python.py:175} INFO - Done. Returned value was: test function clear
[2022-07-05 08:06:17,865] {taskinstance.py:1282} INFO - Marking task as SUCCESS. dag_id=uk_dag_test_1, task_id=kimuksung_test, execution_date=20220704T210000, start_date=20220705T080616, end_date=20220705T080617
[2022-07-05 08:06:17,993] {local_task_job.py:154} INFO - Task exited with return code 0
[2022-07-05 08:06:18,137] {local_task_job.py:264} INFO - 1 downstream tasks scheduled from follow-on schedule check
[2022-07-05 08:11:27,207] {taskinstance.py:1037} INFO - Dependencies all met for <TaskInstance: uk_dag_test_1.kimuksung_test scheduled__2022-07-04T21:00:00+00:00 [queued]>
[2022-07-05 08:11:27,244] {taskinstance.py:1037} INFO - Dependencies all met for <TaskInstance: uk_dag_test_1.kimuksung_test scheduled__2022-07-04T21:00:00+00:00 [queued]>
[2022-07-05 08:11:27,244] {taskinstance.py:1243} INFO - 
--------------------------------------------------------------------------------
[2022-07-05 08:11:27,245] {taskinstance.py:1244} INFO - Starting attempt 1 of 1
[2022-07-05 08:11:27,246] {taskinstance.py:1245} INFO - 
--------------------------------------------------------------------------------
[2022-07-05 08:11:27,289] {taskinstance.py:1264} INFO - Executing <Task(PythonOperator): kimuksung_test> on 2022-07-04 21:00:00+00:00
[2022-07-05 08:11:27,298] {standard_task_runner.py:52} INFO - Started process 2460 to run task
[2022-07-05 08:11:27,315] {standard_task_runner.py:76} INFO - Running: ['***', 'tasks', 'run', 'uk_dag_test_1', 'kimuksung_test', 'scheduled__2022-07-04T21:00:00+00:00', '--job-id', '397', '--raw', '--subdir', 'DAGS_FOLDER/test.py', '--cfg-path', '/tmp/tmplig5wvgs', '--error-file', '/tmp/tmpokx62dxu']
[2022-07-05 08:11:27,316] {standard_task_runner.py:77} INFO - Job 397: Subtask kimuksung_test
[2022-07-05 08:11:27,490] {logging_mixin.py:109} INFO - Running <TaskInstance: uk_dag_test_1.kimuksung_test scheduled__2022-07-04T21:00:00+00:00 [running]> on host 9514ca4c721b
[2022-07-05 08:11:27,608] {taskinstance.py:1431} INFO - Exporting the following env vars:
AIRFLOW_CTX_DAG_OWNER=***
AIRFLOW_CTX_DAG_ID=uk_dag_test_1
AIRFLOW_CTX_TASK_ID=kimuksung_test
AIRFLOW_CTX_EXECUTION_DATE=2022-07-04T21:00:00+00:00
AIRFLOW_CTX_DAG_RUN_ID=scheduled__2022-07-04T21:00:00+00:00
[2022-07-05 08:11:27,610] {logging_mixin.py:109} INFO - test function start
[2022-07-05 08:11:27,610] {test.py:22} INFO - pubg
[2022-07-05 08:11:27,611] {python.py:175} INFO - Done. Returned value was: pubg
[2022-07-05 08:11:27,656] {taskinstance.py:1282} INFO - Marking task as SUCCESS. dag_id=uk_dag_test_1, task_id=kimuksung_test, execution_date=20220704T210000, start_date=20220705T081127, end_date=20220705T081127
[2022-07-05 08:11:27,721] {local_task_job.py:154} INFO - Task exited with return code 0
[2022-07-05 08:11:27,844] {local_task_job.py:264} INFO - 0 downstream tasks scheduled from follow-on schedule check
