[2022-07-20 06:18:47,276] {taskinstance.py:1037} INFO - Dependencies all met for <TaskInstance: postgres_xcom_test.insert_into_table scheduled__2022-07-19T00:00:00+00:00 [queued]>
[2022-07-20 06:18:47,302] {taskinstance.py:1037} INFO - Dependencies all met for <TaskInstance: postgres_xcom_test.insert_into_table scheduled__2022-07-19T00:00:00+00:00 [queued]>
[2022-07-20 06:18:47,302] {taskinstance.py:1243} INFO - 
--------------------------------------------------------------------------------
[2022-07-20 06:18:47,302] {taskinstance.py:1244} INFO - Starting attempt 8 of 13
[2022-07-20 06:18:47,302] {taskinstance.py:1245} INFO - 
--------------------------------------------------------------------------------
[2022-07-20 06:18:47,340] {taskinstance.py:1264} INFO - Executing <Task(PostgresOperator): insert_into_table> on 2022-07-19 00:00:00+00:00
[2022-07-20 06:18:47,347] {standard_task_runner.py:52} INFO - Started process 1618 to run task
[2022-07-20 06:18:47,368] {standard_task_runner.py:76} INFO - Running: ['***', 'tasks', 'run', 'postgres_xcom_test', 'insert_into_table', 'scheduled__2022-07-19T00:00:00+00:00', '--job-id', '124', '--raw', '--subdir', 'DAGS_FOLDER/postgres_xcom_test.py', '--cfg-path', '/tmp/tmpo7y2whq5', '--error-file', '/tmp/tmpdx3tdnpo']
[2022-07-20 06:18:47,369] {standard_task_runner.py:77} INFO - Job 124: Subtask insert_into_table
[2022-07-20 06:18:47,468] {logging_mixin.py:109} INFO - Running <TaskInstance: postgres_xcom_test.insert_into_table scheduled__2022-07-19T00:00:00+00:00 [running]> on host 0741836b2d3b
[2022-07-20 06:18:47,540] {taskinstance.py:1718} ERROR - Task failed with exception
Traceback (most recent call last):
  File "/home/airflow/.local/lib/python3.7/site-packages/airflow/models/taskinstance.py", line 1334, in _run_raw_task
    self._execute_task_with_callbacks(context)
  File "/home/airflow/.local/lib/python3.7/site-packages/airflow/models/taskinstance.py", line 1423, in _execute_task_with_callbacks
    self.render_templates(context=context)
  File "/home/airflow/.local/lib/python3.7/site-packages/airflow/models/taskinstance.py", line 2011, in render_templates
    self.task.render_template_fields(context)
  File "/home/airflow/.local/lib/python3.7/site-packages/airflow/models/baseoperator.py", line 1061, in render_template_fields
    self._do_render_template_fields(self, self.template_fields, context, jinja_env, set())
  File "/home/airflow/.local/lib/python3.7/site-packages/airflow/models/baseoperator.py", line 1074, in _do_render_template_fields
    rendered_content = self.render_template(content, context, jinja_env, seen_oids)
  File "/home/airflow/.local/lib/python3.7/site-packages/airflow/models/baseoperator.py", line 1110, in render_template
    template = jinja_env.from_string(content)
  File "/home/airflow/.local/lib/python3.7/site-packages/jinja2/environment.py", line 1092, in from_string
    return cls.from_code(self, self.compile(source), gs, None)
  File "/home/airflow/.local/lib/python3.7/site-packages/jinja2/environment.py", line 757, in compile
    self.handle_exception(source=source_hint)
  File "/home/airflow/.local/lib/python3.7/site-packages/jinja2/environment.py", line 925, in handle_exception
    raise rewrite_traceback_stack(source=source)
  File "<unknown>", line 2, in template
jinja2.exceptions.TemplateSyntaxError: expected token 'end of print statement', got 'get_data'
[2022-07-20 06:18:47,562] {taskinstance.py:1282} INFO - Marking task as UP_FOR_RETRY. dag_id=postgres_xcom_test, task_id=insert_into_table, execution_date=20220719T000000, start_date=20220720T061847, end_date=20220720T061847
[2022-07-20 06:18:47,589] {standard_task_runner.py:92} ERROR - Failed to execute job 124 for task insert_into_table
Traceback (most recent call last):
  File "/home/airflow/.local/lib/python3.7/site-packages/airflow/task/task_runner/standard_task_runner.py", line 85, in _start_by_fork
    args.func(args, dag=self.dag)
  File "/home/airflow/.local/lib/python3.7/site-packages/airflow/cli/cli_parser.py", line 48, in command
    return func(*args, **kwargs)
  File "/home/airflow/.local/lib/python3.7/site-packages/airflow/utils/cli.py", line 92, in wrapper
    return f(*args, **kwargs)
  File "/home/airflow/.local/lib/python3.7/site-packages/airflow/cli/commands/task_command.py", line 298, in task_run
    _run_task_by_selected_method(args, dag, ti)
  File "/home/airflow/.local/lib/python3.7/site-packages/airflow/cli/commands/task_command.py", line 107, in _run_task_by_selected_method
    _run_raw_task(args, ti)
  File "/home/airflow/.local/lib/python3.7/site-packages/airflow/cli/commands/task_command.py", line 184, in _run_raw_task
    error_file=args.error_file,
  File "/home/airflow/.local/lib/python3.7/site-packages/airflow/utils/session.py", line 70, in wrapper
    return func(*args, session=session, **kwargs)
  File "/home/airflow/.local/lib/python3.7/site-packages/airflow/models/taskinstance.py", line 1334, in _run_raw_task
    self._execute_task_with_callbacks(context)
  File "/home/airflow/.local/lib/python3.7/site-packages/airflow/models/taskinstance.py", line 1423, in _execute_task_with_callbacks
    self.render_templates(context=context)
  File "/home/airflow/.local/lib/python3.7/site-packages/airflow/models/taskinstance.py", line 2011, in render_templates
    self.task.render_template_fields(context)
  File "/home/airflow/.local/lib/python3.7/site-packages/airflow/models/baseoperator.py", line 1061, in render_template_fields
    self._do_render_template_fields(self, self.template_fields, context, jinja_env, set())
  File "/home/airflow/.local/lib/python3.7/site-packages/airflow/models/baseoperator.py", line 1074, in _do_render_template_fields
    rendered_content = self.render_template(content, context, jinja_env, seen_oids)
  File "/home/airflow/.local/lib/python3.7/site-packages/airflow/models/baseoperator.py", line 1110, in render_template
    template = jinja_env.from_string(content)
  File "/home/airflow/.local/lib/python3.7/site-packages/jinja2/environment.py", line 1092, in from_string
    return cls.from_code(self, self.compile(source), gs, None)
  File "/home/airflow/.local/lib/python3.7/site-packages/jinja2/environment.py", line 757, in compile
    self.handle_exception(source=source_hint)
  File "/home/airflow/.local/lib/python3.7/site-packages/jinja2/environment.py", line 925, in handle_exception
    raise rewrite_traceback_stack(source=source)
  File "<unknown>", line 2, in template
jinja2.exceptions.TemplateSyntaxError: expected token 'end of print statement', got 'get_data'
[2022-07-20 06:18:47,619] {local_task_job.py:154} INFO - Task exited with return code 1
[2022-07-20 06:18:47,671] {local_task_job.py:264} INFO - 0 downstream tasks scheduled from follow-on schedule check
