[2022-07-05 07:21:23,896] {taskinstance.py:1037} INFO - Dependencies all met for <TaskInstance: uk_dag_test_1.kimuksung_test scheduled__2022-07-04T18:00:00+00:00 [queued]>
[2022-07-05 07:21:24,030] {taskinstance.py:1037} INFO - Dependencies all met for <TaskInstance: uk_dag_test_1.kimuksung_test scheduled__2022-07-04T18:00:00+00:00 [queued]>
[2022-07-05 07:21:24,030] {taskinstance.py:1243} INFO - 
--------------------------------------------------------------------------------
[2022-07-05 07:21:24,030] {taskinstance.py:1244} INFO - Starting attempt 1 of 1
[2022-07-05 07:21:24,031] {taskinstance.py:1245} INFO - 
--------------------------------------------------------------------------------
[2022-07-05 07:21:24,169] {taskinstance.py:1264} INFO - Executing <Task(PythonOperator): kimuksung_test> on 2022-07-04 18:00:00+00:00
[2022-07-05 07:21:24,189] {standard_task_runner.py:52} INFO - Started process 578 to run task
[2022-07-05 07:21:24,207] {standard_task_runner.py:76} INFO - Running: ['***', 'tasks', 'run', 'uk_dag_test_1', 'kimuksung_test', 'scheduled__2022-07-04T18:00:00+00:00', '--job-id', '247', '--raw', '--subdir', 'DAGS_FOLDER/test.py', '--cfg-path', '/tmp/tmp81ti3whu', '--error-file', '/tmp/tmp6b3w6wp0']
[2022-07-05 07:21:24,208] {standard_task_runner.py:77} INFO - Job 247: Subtask kimuksung_test
[2022-07-05 07:21:24,612] {logging_mixin.py:109} INFO - Running <TaskInstance: uk_dag_test_1.kimuksung_test scheduled__2022-07-04T18:00:00+00:00 [running]> on host 9514ca4c721b
[2022-07-05 07:21:24,859] {taskinstance.py:1431} INFO - Exporting the following env vars:
AIRFLOW_CTX_DAG_OWNER=***
AIRFLOW_CTX_DAG_ID=uk_dag_test_1
AIRFLOW_CTX_TASK_ID=kimuksung_test
AIRFLOW_CTX_EXECUTION_DATE=2022-07-04T18:00:00+00:00
AIRFLOW_CTX_DAG_RUN_ID=scheduled__2022-07-04T18:00:00+00:00
[2022-07-05 07:21:24,861] {logging_mixin.py:109} INFO - test function start
[2022-07-05 07:21:24,861] {taskinstance.py:1718} ERROR - Task failed with exception
Traceback (most recent call last):
  File "/home/airflow/.local/lib/python3.7/site-packages/airflow/models/taskinstance.py", line 1334, in _run_raw_task
    self._execute_task_with_callbacks(context)
  File "/home/airflow/.local/lib/python3.7/site-packages/airflow/models/taskinstance.py", line 1460, in _execute_task_with_callbacks
    result = self._execute_task(context, self.task)
  File "/home/airflow/.local/lib/python3.7/site-packages/airflow/models/taskinstance.py", line 1516, in _execute_task
    result = execute_callable(context=context)
  File "/home/airflow/.local/lib/python3.7/site-packages/airflow/operators/python.py", line 174, in execute
    return_value = self.execute_callable()
  File "/home/airflow/.local/lib/python3.7/site-packages/airflow/operators/python.py", line 188, in execute_callable
    return self.python_callable(*self.op_args, **self.op_kwargs)
  File "/opt/airflow/dags/test.py", line 21, in test
    parameter=context["paramas"]["parameter1"]
KeyError: 'paramas'
[2022-07-05 07:21:24,910] {taskinstance.py:1282} INFO - Marking task as FAILED. dag_id=uk_dag_test_1, task_id=kimuksung_test, execution_date=20220704T180000, start_date=20220705T072123, end_date=20220705T072124
[2022-07-05 07:21:25,012] {standard_task_runner.py:92} ERROR - Failed to execute job 247 for task kimuksung_test
Traceback (most recent call last):
  File "/home/airflow/.local/lib/python3.7/site-packages/airflow/task/task_runner/standard_task_runner.py", line 85, in _start_by_fork
    args.func(args, dag=self.dag)
  File "/home/airflow/.local/lib/python3.7/site-packages/airflow/cli/cli_parser.py", line 48, in command
    return func(*args, **kwargs)
  File "/home/airflow/.local/lib/python3.7/site-packages/airflow/utils/cli.py", line 92, in wrapper
    return f(*args, **kwargs)
  File "/home/airflow/.local/lib/python3.7/site-packages/airflow/cli/commands/task_command.py", line 298, in task_run
    _run_task_by_selected_method(args, dag, ti)
  File "/home/airflow/.local/lib/python3.7/site-packages/airflow/cli/commands/task_command.py", line 107, in _run_task_by_selected_method
    _run_raw_task(args, ti)
  File "/home/airflow/.local/lib/python3.7/site-packages/airflow/cli/commands/task_command.py", line 184, in _run_raw_task
    error_file=args.error_file,
  File "/home/airflow/.local/lib/python3.7/site-packages/airflow/utils/session.py", line 70, in wrapper
    return func(*args, session=session, **kwargs)
  File "/home/airflow/.local/lib/python3.7/site-packages/airflow/models/taskinstance.py", line 1334, in _run_raw_task
    self._execute_task_with_callbacks(context)
  File "/home/airflow/.local/lib/python3.7/site-packages/airflow/models/taskinstance.py", line 1460, in _execute_task_with_callbacks
    result = self._execute_task(context, self.task)
  File "/home/airflow/.local/lib/python3.7/site-packages/airflow/models/taskinstance.py", line 1516, in _execute_task
    result = execute_callable(context=context)
  File "/home/airflow/.local/lib/python3.7/site-packages/airflow/operators/python.py", line 174, in execute
    return_value = self.execute_callable()
  File "/home/airflow/.local/lib/python3.7/site-packages/airflow/operators/python.py", line 188, in execute_callable
    return self.python_callable(*self.op_args, **self.op_kwargs)
  File "/opt/airflow/dags/test.py", line 21, in test
    parameter=context["paramas"]["parameter1"]
KeyError: 'paramas'
[2022-07-05 07:21:25,044] {local_task_job.py:154} INFO - Task exited with return code 1
[2022-07-05 07:21:25,173] {local_task_job.py:264} INFO - 0 downstream tasks scheduled from follow-on schedule check
[2022-07-05 07:25:38,319] {taskinstance.py:1037} INFO - Dependencies all met for <TaskInstance: uk_dag_test_1.kimuksung_test scheduled__2022-07-04T18:00:00+00:00 [queued]>
[2022-07-05 07:25:38,367] {taskinstance.py:1037} INFO - Dependencies all met for <TaskInstance: uk_dag_test_1.kimuksung_test scheduled__2022-07-04T18:00:00+00:00 [queued]>
[2022-07-05 07:25:38,367] {taskinstance.py:1243} INFO - 
--------------------------------------------------------------------------------
[2022-07-05 07:25:38,367] {taskinstance.py:1244} INFO - Starting attempt 1 of 1
[2022-07-05 07:25:38,368] {taskinstance.py:1245} INFO - 
--------------------------------------------------------------------------------
[2022-07-05 07:25:38,437] {taskinstance.py:1264} INFO - Executing <Task(PythonOperator): kimuksung_test> on 2022-07-04 18:00:00+00:00
[2022-07-05 07:25:38,444] {standard_task_runner.py:52} INFO - Started process 770 to run task
[2022-07-05 07:25:38,469] {standard_task_runner.py:76} INFO - Running: ['***', 'tasks', 'run', 'uk_dag_test_1', 'kimuksung_test', 'scheduled__2022-07-04T18:00:00+00:00', '--job-id', '278', '--raw', '--subdir', 'DAGS_FOLDER/test.py', '--cfg-path', '/tmp/tmpt9j5sxd5', '--error-file', '/tmp/tmpex19u3sw']
[2022-07-05 07:25:38,470] {standard_task_runner.py:77} INFO - Job 278: Subtask kimuksung_test
[2022-07-05 07:25:39,048] {logging_mixin.py:109} INFO - Running <TaskInstance: uk_dag_test_1.kimuksung_test scheduled__2022-07-04T18:00:00+00:00 [running]> on host 9514ca4c721b
[2022-07-05 07:25:39,570] {taskinstance.py:1431} INFO - Exporting the following env vars:
AIRFLOW_CTX_DAG_OWNER=***
AIRFLOW_CTX_DAG_ID=uk_dag_test_1
AIRFLOW_CTX_TASK_ID=kimuksung_test
AIRFLOW_CTX_EXECUTION_DATE=2022-07-04T18:00:00+00:00
AIRFLOW_CTX_DAG_RUN_ID=scheduled__2022-07-04T18:00:00+00:00
[2022-07-05 07:25:39,574] {logging_mixin.py:109} INFO - test function start
[2022-07-05 07:25:39,575] {test.py:22} INFO - pubg
[2022-07-05 07:25:39,575] {python.py:175} INFO - Done. Returned value was: test function clear
[2022-07-05 07:25:39,780] {taskinstance.py:1282} INFO - Marking task as SUCCESS. dag_id=uk_dag_test_1, task_id=kimuksung_test, execution_date=20220704T180000, start_date=20220705T072538, end_date=20220705T072539
[2022-07-05 07:25:39,911] {local_task_job.py:154} INFO - Task exited with return code 0
[2022-07-05 07:25:40,155] {local_task_job.py:264} INFO - 0 downstream tasks scheduled from follow-on schedule check
[2022-07-05 08:06:08,681] {taskinstance.py:1037} INFO - Dependencies all met for <TaskInstance: uk_dag_test_1.kimuksung_test scheduled__2022-07-04T18:00:00+00:00 [queued]>
[2022-07-05 08:06:08,770] {taskinstance.py:1037} INFO - Dependencies all met for <TaskInstance: uk_dag_test_1.kimuksung_test scheduled__2022-07-04T18:00:00+00:00 [queued]>
[2022-07-05 08:06:08,771] {taskinstance.py:1243} INFO - 
--------------------------------------------------------------------------------
[2022-07-05 08:06:08,771] {taskinstance.py:1244} INFO - Starting attempt 1 of 1
[2022-07-05 08:06:08,771] {taskinstance.py:1245} INFO - 
--------------------------------------------------------------------------------
[2022-07-05 08:06:09,060] {taskinstance.py:1264} INFO - Executing <Task(PythonOperator): kimuksung_test> on 2022-07-04 18:00:00+00:00
[2022-07-05 08:06:09,077] {standard_task_runner.py:52} INFO - Started process 2145 to run task
[2022-07-05 08:06:09,107] {standard_task_runner.py:76} INFO - Running: ['***', 'tasks', 'run', 'uk_dag_test_1', 'kimuksung_test', 'scheduled__2022-07-04T18:00:00+00:00', '--job-id', '326', '--raw', '--subdir', 'DAGS_FOLDER/test.py', '--cfg-path', '/tmp/tmpucxouq__', '--error-file', '/tmp/tmp2fivz1ax']
[2022-07-05 08:06:09,108] {standard_task_runner.py:77} INFO - Job 326: Subtask kimuksung_test
[2022-07-05 08:06:09,782] {logging_mixin.py:109} INFO - Running <TaskInstance: uk_dag_test_1.kimuksung_test scheduled__2022-07-04T18:00:00+00:00 [running]> on host 9514ca4c721b
[2022-07-05 08:06:10,268] {taskinstance.py:1431} INFO - Exporting the following env vars:
AIRFLOW_CTX_DAG_OWNER=***
AIRFLOW_CTX_DAG_ID=uk_dag_test_1
AIRFLOW_CTX_TASK_ID=kimuksung_test
AIRFLOW_CTX_EXECUTION_DATE=2022-07-04T18:00:00+00:00
AIRFLOW_CTX_DAG_RUN_ID=scheduled__2022-07-04T18:00:00+00:00
[2022-07-05 08:06:10,269] {logging_mixin.py:109} INFO - test function start
[2022-07-05 08:06:10,269] {test.py:22} INFO - pubg
[2022-07-05 08:06:10,269] {python.py:175} INFO - Done. Returned value was: test function clear
[2022-07-05 08:06:10,372] {taskinstance.py:1282} INFO - Marking task as SUCCESS. dag_id=uk_dag_test_1, task_id=kimuksung_test, execution_date=20220704T180000, start_date=20220705T080608, end_date=20220705T080610
[2022-07-05 08:06:10,525] {local_task_job.py:154} INFO - Task exited with return code 0
[2022-07-05 08:06:10,654] {local_task_job.py:264} INFO - 1 downstream tasks scheduled from follow-on schedule check
[2022-07-05 08:11:16,459] {taskinstance.py:1037} INFO - Dependencies all met for <TaskInstance: uk_dag_test_1.kimuksung_test scheduled__2022-07-04T18:00:00+00:00 [queued]>
[2022-07-05 08:11:16,503] {taskinstance.py:1037} INFO - Dependencies all met for <TaskInstance: uk_dag_test_1.kimuksung_test scheduled__2022-07-04T18:00:00+00:00 [queued]>
[2022-07-05 08:11:16,503] {taskinstance.py:1243} INFO - 
--------------------------------------------------------------------------------
[2022-07-05 08:11:16,503] {taskinstance.py:1244} INFO - Starting attempt 1 of 1
[2022-07-05 08:11:16,504] {taskinstance.py:1245} INFO - 
--------------------------------------------------------------------------------
[2022-07-05 08:11:16,569] {taskinstance.py:1264} INFO - Executing <Task(PythonOperator): kimuksung_test> on 2022-07-04 18:00:00+00:00
[2022-07-05 08:11:16,583] {standard_task_runner.py:76} INFO - Running: ['***', 'tasks', 'run', 'uk_dag_test_1', 'kimuksung_test', 'scheduled__2022-07-04T18:00:00+00:00', '--job-id', '390', '--raw', '--subdir', 'DAGS_FOLDER/test.py', '--cfg-path', '/tmp/tmpetppoqko', '--error-file', '/tmp/tmpysk3mpsq']
[2022-07-05 08:11:16,584] {standard_task_runner.py:77} INFO - Job 390: Subtask kimuksung_test
[2022-07-05 08:11:16,577] {standard_task_runner.py:52} INFO - Started process 2438 to run task
[2022-07-05 08:11:16,941] {logging_mixin.py:109} INFO - Running <TaskInstance: uk_dag_test_1.kimuksung_test scheduled__2022-07-04T18:00:00+00:00 [running]> on host 9514ca4c721b
[2022-07-05 08:11:17,748] {taskinstance.py:1431} INFO - Exporting the following env vars:
AIRFLOW_CTX_DAG_OWNER=***
AIRFLOW_CTX_DAG_ID=uk_dag_test_1
AIRFLOW_CTX_TASK_ID=kimuksung_test
AIRFLOW_CTX_EXECUTION_DATE=2022-07-04T18:00:00+00:00
AIRFLOW_CTX_DAG_RUN_ID=scheduled__2022-07-04T18:00:00+00:00
[2022-07-05 08:11:17,750] {logging_mixin.py:109} INFO - test function start
[2022-07-05 08:11:17,750] {test.py:22} INFO - pubg
[2022-07-05 08:11:17,750] {python.py:175} INFO - Done. Returned value was: pubg
[2022-07-05 08:11:18,164] {taskinstance.py:1282} INFO - Marking task as SUCCESS. dag_id=uk_dag_test_1, task_id=kimuksung_test, execution_date=20220704T180000, start_date=20220705T081116, end_date=20220705T081118
[2022-07-05 08:11:18,298] {local_task_job.py:154} INFO - Task exited with return code 0
[2022-07-05 08:11:18,731] {local_task_job.py:264} INFO - 1 downstream tasks scheduled from follow-on schedule check
